2023-06-09T06:46:22Z INF Loading spec(s) args=["test-config.yaml"] module=cli
2023-06-09T06:46:23Z ERR exiting with error error="failed to sync source fincode, unknown versions [v2]" module=cli
2023-06-09T06:46:51Z INF Loading spec(s) args=["test-config.yaml"] module=cli
2023-06-09T06:46:51Z INF Source plugin server listening address=/var/folders/jn/y11zfqjd5dz668kzkz0g06c80000gn/T/cq-FUMXGmcODGewXJDz.sock module=cli
2023-06-09T06:46:52Z INF waiting for source plugin to terminate module=cli
2023-06-09T06:46:52Z INF Got stop signal. Source plugin server shutting down address=/var/folders/jn/y11zfqjd5dz668kzkz0g06c80000gn/T/cq-FUMXGmcODGewXJDz.sock module=cli signal=interrupt
2023-06-09T06:47:13Z INF Loading spec(s) args=["test-config.yaml"] module=cli
2023-06-09T06:47:14Z ERR exiting with error error="failed to migrate source fincode, unknown versions [v2]" module=cli
2023-06-09T06:52:25Z INF Loading spec(s) args=["test-config.yaml"] module=cli
2023-06-09T06:52:26Z ERR exiting with error error="failed to migrate source fincode, unknown versions [v2]" module=cli
2023-06-09T06:52:29Z INF Loading spec(s) args=["test-config.yaml"] module=cli
2023-06-09T06:52:30Z ERR exiting with error error="failed to sync source fincode, unknown versions [v2]" module=cli
2023-06-09T06:57:00Z INF Loading spec(s) args=["test-config.yaml"] module=cli
2023-06-09T06:57:01Z ERR exiting with error error="failed to sync source fincode, unknown versions [v2]" module=cli
2023-06-09T06:59:46Z INF Loading spec(s) args=["test-config.yaml"] module=cli
2023-06-09T06:59:46Z ERR exiting with error error="failed to create discovery client for source fincode: failed to start destination plugin cq-source-fincode: exec: \"cq-source-fincode\": executable file not found in $PATH" module=cli
2023-06-09T06:59:48Z INF Loading spec(s) args=["test-config.yaml"] module=cli
2023-06-09T06:59:48Z ERR exiting with error error="failed to create discovery client for source fincode: failed to start destination plugin cq-source-fincode: exec: \"cq-source-fincode\": executable file not found in $PATH" module=cli
2023-06-09T07:00:07Z INF Loading spec(s) args=["test-config.yaml"] module=cli
2023-06-09T07:00:08Z ERR exiting with error error="failed to sync source fincode, unknown versions [v2]" module=cli
2023-06-09T07:00:20Z INF Loading spec(s) args=["test-config.yaml"] module=cli
2023-06-09T07:00:21Z ERR exiting with error error="failed to sync source fincode, unknown versions [v2]" module=cli
2023-06-09T07:00:30Z INF Loading spec(s) args=["test-config.yaml"] module=cli
2023-06-09T07:00:31Z ERR exiting with error error="failed to sync source fincode, unknown versions [v2]" module=cli
2023-06-09T07:00:37Z INF Loading spec(s) args=["test-config.yaml"] module=cli
2023-06-09T07:00:37Z ERR exiting with error error="failed to load spec(s) from test-config.yaml. Error: failed to validate source fincode: version is required" module=cli
